Sep  3 00:52:36 Akshithas-MacBook-Pro syslogd[139]: ASL Sender Statistics
Sep  3 00:52:38 Akshithas-MacBook-Pro syslogd[139]: Configuration Notice:
	ASL Module "com.apple.cdscheduler" claims selected messages.
	Those messages may not appear in standard system log files or in the ASL database.
Sep  3 00:52:38 Akshithas-MacBook-Pro syslogd[139]: Configuration Notice:
	ASL Module "com.apple.install" claims selected messages.
	Those messages may not appear in standard system log files or in the ASL database.
Sep  3 00:52:38 Akshithas-MacBook-Pro syslogd[139]: Configuration Notice:
	ASL Module "com.apple.authd" sharing output destination "/var/log/asl" with ASL Module "com.apple.asl".
	Output parameters from ASL Module "com.apple.asl" override any specified in ASL Module "com.apple.authd".
Sep  3 00:52:38 Akshithas-MacBook-Pro syslogd[139]: Configuration Notice:
	ASL Module "com.apple.authd" sharing output destination "/var/log/system.log" with ASL Module "com.apple.asl".
	Output parameters from ASL Module "com.apple.asl" override any specified in ASL Module "com.apple.authd".
Sep  3 00:52:38 Akshithas-MacBook-Pro syslogd[139]: Configuration Notice:
	ASL Module "com.apple.authd" claims selected messages.
	Those messages may not appear in standard system log files or in the ASL database.
Sep  3 00:52:38 Akshithas-MacBook-Pro syslogd[139]: Configuration Notice:
	ASL Module "com.apple.eventmonitor" claims selected messages.
	Those messages may not appear in standard system log files or in the ASL database.
Sep  3 00:52:38 Akshithas-MacBook-Pro syslogd[139]: Configuration Notice:
	ASL Module "com.apple.mail" claims selected messages.
	Those messages may not appear in standard system log files or in the ASL database.
Sep  3 00:52:38 Akshithas-MacBook-Pro syslogd[139]: Configuration Notice:
	ASL Module "com.apple.performance" claims selected messages.
	Those messages may not appear in standard system log files or in the ASL database.
Sep  3 00:52:38 Akshithas-MacBook-Pro syslogd[139]: Configuration Notice:
	ASL Module "com.apple.iokit.power" claims selected messages.
	Those messages may not appear in standard system log files or in the ASL database.
Sep  3 00:52:38 Akshithas-MacBook-Pro syslogd[139]: Configuration Notice:
	ASL Module "com.apple.contacts.ContactsAutocomplete" claims selected messages.
	Those messages may not appear in standard system log files or in the ASL database.
Sep  3 00:52:38 Akshithas-MacBook-Pro syslogd[139]: Configuration Notice:
	ASL Module "com.apple.mkb" sharing output destination "/private/var/log/keybagd.log" with ASL Module "com.apple.mkb.internal".
	Output parameters from ASL Module "com.apple.mkb.internal" override any specified in ASL Module "com.apple.mkb".
Sep  3 00:52:38 Akshithas-MacBook-Pro syslogd[139]: Configuration Notice:
	ASL Module "com.apple.mkb" claims selected messages.
	Those messages may not appear in standard system log files or in the ASL database.
Sep  3 00:52:38 Akshithas-MacBook-Pro syslogd[139]: Configuration Notice:
	ASL Module "com.apple.MessageTracer" claims selected messages.
	Those messages may not appear in standard system log files or in the ASL database.
Sep  3 01:53:37 Akshithas-MacBook-Pro syslogd[139]: ASL Sender Statistics
Sep  3 03:01:21 Akshithas-MacBook-Pro syslogd[139]: ASL Sender Statistics
Sep  3 05:09:49 Akshithas-MacBook-Pro syslogd[139]: ASL Sender Statistics
Sep  3 05:44:29 Akshithas-MacBook-Pro syslogd[139]: ASL Sender Statistics
Sep  3 07:44:39 Akshithas-MacBook-Pro syslogd[139]: ASL Sender Statistics
Sep  3 08:45:40 Akshithas-MacBook-Pro syslogd[139]: ASL Sender Statistics
Sep  3 09:46:42 Akshithas-MacBook-Pro syslogd[139]: ASL Sender Statistics
Sep  3 10:47:43 Akshithas-MacBook-Pro syslogd[139]: ASL Sender Statistics
Sep  3 11:05:06 Akshithas-MacBook-Pro syslogd[139]: ASL Sender Statistics
Sep  3 11:15:28 Akshithas-MacBook-Pro login[56837]: USER_PROCESS: 56837 ttys010
Sep  3 11:15:28 Akshithas-MacBook-Pro syslogd[139]: ASL Sender Statistics
